2022-04-22 10:36:33 0 [Note] InnoDB: Mutexes and rw_locks use Windows interlocked functions
2022-04-22 10:36:33 0 [Note] InnoDB: Uses event mutexes
2022-04-22 10:36:33 0 [Note] InnoDB: Compressed tables use zlib 1.2.11
2022-04-22 10:36:33 0 [Note] InnoDB: Number of pools: 1
2022-04-22 10:36:33 0 [Note] InnoDB: Using SSE2 crc32 instructions
2022-04-22 10:36:33 0 [Note] InnoDB: Initializing buffer pool, total size = 16M, instances = 1, chunk size = 16M
2022-04-22 10:36:33 0 [Note] InnoDB: Completed initialization of buffer pool
2022-04-22 10:36:33 0 [Note] InnoDB: Starting crash recovery from checkpoint LSN=300288
2022-04-22 10:36:34 0 [Note] InnoDB: 128 out of 128 rollback segments are active.
2022-04-22 10:36:34 0 [Note] InnoDB: Removed temporary tablespace data file: "ibtmp1"
2022-04-22 10:36:34 0 [Note] InnoDB: Creating shared tablespace for temporary tables
2022-04-22 10:36:34 0 [Note] InnoDB: Setting file 'D:\Downloads\xampp\mysql\data\ibtmp1' size to 12 MB. Physically writing the file full; Please wait ...
2022-04-22 10:36:34 0 [Note] InnoDB: File 'D:\Downloads\xampp\mysql\data\ibtmp1' size is now 12 MB.
2022-04-22 10:36:34 0 [Note] InnoDB: Waiting for purge to start
2022-04-22 10:36:34 0 [Note] InnoDB: 10.4.24 started; log sequence number 300297; transaction id 170
2022-04-22 10:36:34 0 [Note] InnoDB: Loading buffer pool(s) from D:\Downloads\xampp\mysql\data\ib_buffer_pool
2022-04-22 10:36:34 0 [Note] Plugin 'FEEDBACK' is disabled.
2022-04-22 10:36:34 0 [Note] Server socket created on IP: '::'.
2022-04-22 10:45:21 0 [Note] InnoDB: Mutexes and rw_locks use Windows interlocked functions
2022-04-22 10:45:21 0 [Note] InnoDB: Uses event mutexes
2022-04-22 10:45:21 0 [Note] InnoDB: Compressed tables use zlib 1.2.11
2022-04-22 10:45:21 0 [Note] InnoDB: Number of pools: 1
2022-04-22 10:45:21 0 [Note] InnoDB: Using SSE2 crc32 instructions
2022-04-22 10:45:21 0 [Note] InnoDB: Initializing buffer pool, total size = 16M, instances = 1, chunk size = 16M
2022-04-22 10:45:21 0 [Note] InnoDB: Completed initialization of buffer pool
2022-04-22 10:45:21 0 [Note] InnoDB: Starting crash recovery from checkpoint LSN=3638131
2022-04-22 10:45:24 0 [Note] InnoDB: 128 out of 128 rollback segments are active.
2022-04-22 10:45:24 0 [Note] InnoDB: Removed temporary tablespace data file: "ibtmp1"
2022-04-22 10:45:24 0 [Note] InnoDB: Creating shared tablespace for temporary tables
2022-04-22 10:45:24 0 [Note] InnoDB: Setting file 'D:\Downloads\xampp\mysql\data\ibtmp1' size to 12 MB. Physically writing the file full; Please wait ...
2022-04-22 10:45:24 0 [Note] InnoDB: File 'D:\Downloads\xampp\mysql\data\ibtmp1' size is now 12 MB.
2022-04-22 10:45:24 0 [Note] InnoDB: Waiting for purge to start
2022-04-22 10:45:24 0 [Note] InnoDB: 10.4.24 started; log sequence number 3638140; transaction id 880
2022-04-22 10:45:24 0 [Note] InnoDB: Loading buffer pool(s) from D:\Downloads\xampp\mysql\data\ib_buffer_pool
2022-04-22 10:45:24 0 [Note] Plugin 'FEEDBACK' is disabled.
2022-04-22 10:45:24 0 [Note] Server socket created on IP: '::'.
2022-04-22 10:49:36 0 [Note] InnoDB: Mutexes and rw_locks use Windows interlocked functions
2022-04-22 10:49:36 0 [Note] InnoDB: Uses event mutexes
2022-04-22 10:49:36 0 [Note] InnoDB: Compressed tables use zlib 1.2.11
2022-04-22 10:49:36 0 [Note] InnoDB: Number of pools: 1
2022-04-22 10:49:36 0 [Note] InnoDB: Using SSE2 crc32 instructions
2022-04-22 10:49:36 0 [Note] InnoDB: Initializing buffer pool, total size = 16M, instances = 1, chunk size = 16M
2022-04-22 10:49:36 0 [Note] InnoDB: Completed initialization of buffer pool
2022-04-22 10:49:36 0 [Note] InnoDB: Starting crash recovery from checkpoint LSN=3638466
2022-04-22 10:49:38 0 [Note] InnoDB: 128 out of 128 rollback segments are active.
2022-04-22 10:49:38 0 [Note] InnoDB: Removed temporary tablespace data file: "ibtmp1"
2022-04-22 10:49:38 0 [Note] InnoDB: Creating shared tablespace for temporary tables
2022-04-22 10:49:38 0 [Note] InnoDB: Setting file 'D:\Downloads\xampp\mysql\data\ibtmp1' size to 12 MB. Physically writing the file full; Please wait ...
2022-04-22 10:49:38 0 [Note] InnoDB: File 'D:\Downloads\xampp\mysql\data\ibtmp1' size is now 12 MB.
2022-04-22 10:49:38 0 [Note] InnoDB: Waiting for purge to start
2022-04-22 10:49:38 0 [Note] InnoDB: 10.4.24 started; log sequence number 3638475; transaction id 903
2022-04-22 10:49:38 0 [Note] InnoDB: Loading buffer pool(s) from D:\Downloads\xampp\mysql\data\ib_buffer_pool
2022-04-22 10:49:38 0 [Note] Plugin 'FEEDBACK' is disabled.
2022-04-22 10:49:38 0 [Note] Server socket created on IP: '::'.
2022-04-22 10:54:30 0 [Note] InnoDB: Mutexes and rw_locks use Windows interlocked functions
2022-04-22 10:54:30 0 [Note] InnoDB: Uses event mutexes
2022-04-22 10:54:30 0 [Note] InnoDB: Compressed tables use zlib 1.2.11
2022-04-22 10:54:30 0 [Note] InnoDB: Number of pools: 1
2022-04-22 10:54:30 0 [Note] InnoDB: Using SSE2 crc32 instructions
2022-04-22 10:54:30 0 [Note] InnoDB: Initializing buffer pool, total size = 16M, instances = 1, chunk size = 16M
2022-04-22 10:54:30 0 [Note] InnoDB: Completed initialization of buffer pool
2022-04-22 10:54:31 0 [Note] InnoDB: Starting crash recovery from checkpoint LSN=3638484
2022-04-22 10:54:32 0 [Note] InnoDB: 128 out of 128 rollback segments are active.
2022-04-22 10:54:33 0 [Note] InnoDB: Removed temporary tablespace data file: "ibtmp1"
2022-04-22 10:54:33 0 [Note] InnoDB: Creating shared tablespace for temporary tables
2022-04-22 10:54:33 0 [Note] InnoDB: Setting file 'D:\Downloads\xampp\mysql\data\ibtmp1' size to 12 MB. Physically writing the file full; Please wait ...
2022-04-22 10:54:33 0 [Note] InnoDB: File 'D:\Downloads\xampp\mysql\data\ibtmp1' size is now 12 MB.
2022-04-22 10:54:33 0 [Note] InnoDB: Waiting for purge to start
2022-04-22 10:54:33 0 [Note] InnoDB: 10.4.24 started; log sequence number 3638493; transaction id 903
2022-04-22 10:54:33 0 [Note] InnoDB: Loading buffer pool(s) from D:\Downloads\xampp\mysql\data\ib_buffer_pool
2022-04-22 10:54:33 0 [Note] Plugin 'FEEDBACK' is disabled.
2022-04-22 10:54:33 0 [Note] Server socket created on IP: '::'.
2022-04-22 12:55:19 0 [Note] InnoDB: Mutexes and rw_locks use Windows interlocked functions
2022-04-22 12:55:19 0 [Note] InnoDB: Uses event mutexes
2022-04-22 12:55:19 0 [Note] InnoDB: Compressed tables use zlib 1.2.11
2022-04-22 12:55:19 0 [Note] InnoDB: Number of pools: 1
2022-04-22 12:55:19 0 [Note] InnoDB: Using SSE2 crc32 instructions
2022-04-22 12:55:19 0 [Note] InnoDB: Initializing buffer pool, total size = 16M, instances = 1, chunk size = 16M
2022-04-22 12:55:19 0 [Note] InnoDB: Completed initialization of buffer pool
2022-04-22 12:55:19 0 [Note] InnoDB: Starting crash recovery from checkpoint LSN=4297069
2022-04-22 12:55:22 0 [Note] InnoDB: 128 out of 128 rollback segments are active.
2022-04-22 12:55:22 0 [Note] InnoDB: Removed temporary tablespace data file: "ibtmp1"
2022-04-22 12:55:22 0 [Note] InnoDB: Creating shared tablespace for temporary tables
2022-04-22 12:55:22 0 [Note] InnoDB: Setting file 'D:\Downloads\xampp\mysql\data\ibtmp1' size to 12 MB. Physically writing the file full; Please wait ...
2022-04-22 12:55:22 0 [Note] InnoDB: File 'D:\Downloads\xampp\mysql\data\ibtmp1' size is now 12 MB.
2022-04-22 12:55:22 0 [Note] InnoDB: Waiting for purge to start
2022-04-22 12:55:22 0 [Note] InnoDB: 10.4.24 started; log sequence number 4297078; transaction id 1237
2022-04-22 12:55:22 0 [Note] InnoDB: Loading buffer pool(s) from D:\Downloads\xampp\mysql\data\ib_buffer_pool
2022-04-22 12:55:22 0 [Note] Plugin 'FEEDBACK' is disabled.
2022-04-22 12:55:22 0 [Note] Server socket created on IP: '::'.
2022-04-22 15:20:04 0 [Note] InnoDB: Mutexes and rw_locks use Windows interlocked functions
2022-04-22 15:20:04 0 [Note] InnoDB: Uses event mutexes
2022-04-22 15:20:04 0 [Note] InnoDB: Compressed tables use zlib 1.2.11
2022-04-22 15:20:04 0 [Note] InnoDB: Number of pools: 1
2022-04-22 15:20:04 0 [Note] InnoDB: Using SSE2 crc32 instructions
2022-04-22 15:20:04 0 [Note] InnoDB: Initializing buffer pool, total size = 16M, instances = 1, chunk size = 16M
2022-04-22 15:20:04 0 [Note] InnoDB: Completed initialization of buffer pool
2022-04-22 15:20:04 0 [Note] InnoDB: Starting crash recovery from checkpoint LSN=4297087
2022-04-22 15:20:09 0 [Note] InnoDB: 128 out of 128 rollback segments are active.
2022-04-22 15:20:09 0 [Note] InnoDB: Removed temporary tablespace data file: "ibtmp1"
2022-04-22 15:20:09 0 [Note] InnoDB: Creating shared tablespace for temporary tables
2022-04-22 15:20:09 0 [Note] InnoDB: Setting file 'D:\Downloads\xampp\mysql\data\ibtmp1' size to 12 MB. Physically writing the file full; Please wait ...
2022-04-22 15:20:09 0 [Note] InnoDB: File 'D:\Downloads\xampp\mysql\data\ibtmp1' size is now 12 MB.
2022-04-22 15:20:09 0 [Note] InnoDB: Waiting for purge to start
2022-04-22 15:20:09 0 [Note] InnoDB: 10.4.24 started; log sequence number 4297096; transaction id 1237
2022-04-22 15:20:09 0 [Note] InnoDB: Loading buffer pool(s) from D:\Downloads\xampp\mysql\data\ib_buffer_pool
2022-04-22 15:20:09 0 [Note] Plugin 'FEEDBACK' is disabled.
2022-04-22 15:20:09 0 [Note] InnoDB: Buffer pool(s) load completed at 220422 15:20:09
2022-04-22 15:20:09 0 [Note] Server socket created on IP: '::'.
2022-04-24 13:47:08 0 [Note] InnoDB: Mutexes and rw_locks use Windows interlocked functions
2022-04-24 13:47:08 0 [Note] InnoDB: Uses event mutexes
2022-04-24 13:47:08 0 [Note] InnoDB: Compressed tables use zlib 1.2.11
2022-04-24 13:47:08 0 [Note] InnoDB: Number of pools: 1
2022-04-24 13:47:08 0 [Note] InnoDB: Using SSE2 crc32 instructions
2022-04-24 13:47:08 0 [Note] InnoDB: Initializing buffer pool, total size = 16M, instances = 1, chunk size = 16M
2022-04-24 13:47:08 0 [Note] InnoDB: Completed initialization of buffer pool
2022-04-24 13:47:08 0 [Note] InnoDB: Starting crash recovery from checkpoint LSN=4334266
2022-04-24 13:47:13 0 [Note] InnoDB: 128 out of 128 rollback segments are active.
2022-04-24 13:47:13 0 [Note] InnoDB: Removed temporary tablespace data file: "ibtmp1"
2022-04-24 13:47:13 0 [Note] InnoDB: Creating shared tablespace for temporary tables
2022-04-24 13:47:13 0 [Note] InnoDB: Setting file 'D:\Downloads\xampp\mysql\data\ibtmp1' size to 12 MB. Physically writing the file full; Please wait ...
2022-04-24 13:47:13 0 [Note] InnoDB: File 'D:\Downloads\xampp\mysql\data\ibtmp1' size is now 12 MB.
2022-04-24 13:47:13 0 [Note] InnoDB: Waiting for purge to start
2022-04-24 13:47:13 0 [Note] InnoDB: 10.4.24 started; log sequence number 4334275; transaction id 1389
2022-04-24 13:47:13 0 [Note] Plugin 'FEEDBACK' is disabled.
2022-04-24 13:47:13 0 [Note] InnoDB: Loading buffer pool(s) from D:\Downloads\xampp\mysql\data\ib_buffer_pool
2022-04-24 13:47:13 0 [Note] InnoDB: Buffer pool(s) load completed at 220424 13:47:13
2022-04-24 13:47:13 0 [Note] Server socket created on IP: '::'.
2022-04-24 15:55:49 0 [Note] InnoDB: Mutexes and rw_locks use Windows interlocked functions
2022-04-24 15:55:49 0 [Note] InnoDB: Uses event mutexes
2022-04-24 15:55:49 0 [Note] InnoDB: Compressed tables use zlib 1.2.11
2022-04-24 15:55:49 0 [Note] InnoDB: Number of pools: 1
2022-04-24 15:55:49 0 [Note] InnoDB: Using SSE2 crc32 instructions
2022-04-24 15:55:49 0 [Note] InnoDB: Initializing buffer pool, total size = 16M, instances = 1, chunk size = 16M
2022-04-24 15:55:49 0 [Note] InnoDB: Completed initialization of buffer pool
2022-04-24 15:55:49 0 [Note] InnoDB: Starting crash recovery from checkpoint LSN=4334284
2022-04-24 15:55:50 0 [Note] InnoDB: 128 out of 128 rollback segments are active.
2022-04-24 15:55:50 0 [Note] InnoDB: Removed temporary tablespace data file: "ibtmp1"
2022-04-24 15:55:50 0 [Note] InnoDB: Creating shared tablespace for temporary tables
2022-04-24 15:55:50 0 [Note] InnoDB: Setting file 'D:\Downloads\xampp\mysql\data\ibtmp1' size to 12 MB. Physically writing the file full; Please wait ...
2022-04-24 15:55:50 0 [Note] InnoDB: File 'D:\Downloads\xampp\mysql\data\ibtmp1' size is now 12 MB.
2022-04-24 15:55:50 0 [Note] InnoDB: Waiting for purge to start
2022-04-24 15:55:50 0 [Note] InnoDB: 10.4.24 started; log sequence number 4334293; transaction id 1389
2022-04-24 15:55:50 0 [Note] InnoDB: Loading buffer pool(s) from D:\Downloads\xampp\mysql\data\ib_buffer_pool
2022-04-24 15:55:50 0 [Note] Plugin 'FEEDBACK' is disabled.
2022-04-24 15:55:50 0 [Note] Server socket created on IP: '::'.
2022-04-25  9:41:32 0 [Note] InnoDB: Mutexes and rw_locks use Windows interlocked functions
2022-04-25  9:41:32 0 [Note] InnoDB: Uses event mutexes
2022-04-25  9:41:32 0 [Note] InnoDB: Compressed tables use zlib 1.2.11
2022-04-25  9:41:32 0 [Note] InnoDB: Number of pools: 1
2022-04-25  9:41:32 0 [Note] InnoDB: Using SSE2 crc32 instructions
2022-04-25  9:41:32 0 [Note] InnoDB: Initializing buffer pool, total size = 16M, instances = 1, chunk size = 16M
2022-04-25  9:41:32 0 [Note] InnoDB: Completed initialization of buffer pool
2022-04-25  9:41:32 0 [Note] InnoDB: Starting crash recovery from checkpoint LSN=4339318
2022-04-25  9:41:34 0 [Note] InnoDB: 128 out of 128 rollback segments are active.
2022-04-25  9:41:34 0 [Note] InnoDB: Removed temporary tablespace data file: "ibtmp1"
2022-04-25  9:41:34 0 [Note] InnoDB: Creating shared tablespace for temporary tables
2022-04-25  9:41:34 0 [Note] InnoDB: Setting file 'D:\Downloads\xampp\mysql\data\ibtmp1' size to 12 MB. Physically writing the file full; Please wait ...
2022-04-25  9:41:34 0 [Note] InnoDB: File 'D:\Downloads\xampp\mysql\data\ibtmp1' size is now 12 MB.
2022-04-25  9:41:34 0 [Note] InnoDB: Waiting for purge to start
2022-04-25  9:41:34 0 [Note] InnoDB: 10.4.24 started; log sequence number 4339327; transaction id 1461
2022-04-25  9:41:34 0 [Note] InnoDB: Loading buffer pool(s) from D:\Downloads\xampp\mysql\data\ib_buffer_pool
2022-04-25  9:41:34 0 [Note] Plugin 'FEEDBACK' is disabled.
2022-04-25  9:41:34 0 [Note] Server socket created on IP: '::'.
2022-04-25  9:41:34 0 [Note] InnoDB: Buffer pool(s) load completed at 220422022-04-26 11:07:20 0 [Note] InnoDB: Mutexes and rw_locks use Windows interlocked functions
2022-04-26 11:07:20 0 [Note] InnoDB: Uses event mutexes
2022-04-26 11:07:20 0 [Note] InnoDB: Compressed tables use zlib 1.2.11
2022-04-26 11:07:20 0 [Note] InnoDB: Number of pools: 1
2022-04-26 11:07:20 0 [Note] InnoDB: Using SSE2 crc32 instructions
2022-04-26 11:07:20 0 [Note] InnoDB: Initializing buffer pool, total size = 16M, instances = 1, chunk size = 16M
2022-04-26 11:07:20 0 [Note] InnoDB: Completed initialization of buffer pool
2022-04-26 11:07:20 0 [Note] InnoDB: Starting crash recovery from checkpoint LSN=4538421
2022-04-26 11:07:21 0 [Note] InnoDB: 128 out of 128 rollback segments are active.
2022-04-26 11:07:21 0 [Note] InnoDB: Removed temporary tablespace data file: "ibtmp1"
2022-04-26 11:07:21 0 [Note] InnoDB: Creating shared tablespace for temporary tables
2022-04-26 11:07:21 0 [Note] InnoDB: Setting file 'D:\Downloads\xampp\mysql\data\ibtmp1' size to 12 MB. Physically writing the file full; Please wait ...
2022-04-26 11:07:21 0 [Note] InnoDB: File 'D:\Downloads\xampp\mysql\data\ibtmp1' size is now 12 MB.
2022-04-26 11:07:21 0 [Note] InnoDB: Waiting for purge to start
2022-04-26 11:07:21 0 [Note] InnoDB: 10.4.24 started; log sequence number 4538430; transaction id 2048
2022-04-26 11:07:21 0 [Note] Plugin 'FEEDBACK' is disabled.
2022-04-26 11:07:21 0 [Note] InnoDB: Loading buffer pool(s) from D:\Downloads\xampp\mysql\data\ib_buffer_pool
2022-04-26 11:07:21 0 [Note] Server socket created on IP: '::'.
2022-04-26 13:21:05 0 [Note] InnoDB: Mutexes and rw_locks use Windows interlocked functions
2022-04-26 13:21:05 0 [Note] InnoDB: Uses event mutexes
2022-04-26 13:21:05 0 [Note] InnoDB: Compressed tables use zlib 1.2.11
2022-04-26 13:21:05 0 [Note] InnoDB: Number of pools: 1
2022-04-26 13:21:05 0 [Note] InnoDB: Using SSE2 crc32 instructions
2022-04-26 13:21:05 0 [Note] InnoDB: Initializing buffer pool, total size = 16M, instances = 1, chunk size = 16M
2022-04-26 13:21:05 0 [Note] InnoDB: Completed initialization of buffer pool
2022-04-26 13:21:05 0 [Note] InnoDB: Starting crash recovery from checkpoint LSN=4545068
2022-04-26 13:21:06 0 [Note] InnoDB: 128 out of 128 rollback segments are active.
2022-04-26 13:21:06 0 [Note] InnoDB: Removed temporary tablespace data file: "ibtmp1"
2022-04-26 13:21:06 0 [Note] InnoDB: Creating shared tablespace for temporary tables
2022-04-26 13:21:06 0 [Note] InnoDB: Setting file 'D:\Downloads\xampp\mysql\data\ibtmp1' size to 12 MB. Physically writing the file full; Please wait ...
2022-04-26 13:21:06 0 [Note] InnoDB: File 'D:\Downloads\xampp\mysql\data\ibtmp1' size is now 12 MB.
2022-04-26 13:21:06 0 [Note] InnoDB: Waiting for purge to start
2022-04-26 13:21:07 0 [Note] InnoDB: 10.4.24 started; log sequence number 4545077; transaction id 2094
2022-04-26 13:21:07 0 [Note] InnoDB: Loading buffer pool(s) from D:\Downloads\xampp\mysql\data\ib_buffer_pool
2022-04-26 13:21:07 0 [Note] Plugin 'FEEDBACK' is disabled.
2022-04-26 13:21:07 0 [Note] Server socket created on IP: '::'.
