[Fri Apr 22 10:36:21.837138 2022] [ssl:warn] [pid 14704:tid 432] AH01909: www.example.com:443:0 server certificate does NOT include an ID which matches the server name
[Fri Apr 22 10:36:21.937383 2022] [ssl:warn] [pid 14704:tid 432] AH01909: www.example.com:443:0 server certificate does NOT include an ID which matches the server name
[Fri Apr 22 10:36:22.022005 2022] [mpm_winnt:notice] [pid 14704:tid 432] AH00455: Apache/2.4.53 (Win64) OpenSSL/1.1.1n PHP/7.4.29 configured -- resuming normal operations
[Fri Apr 22 10:36:22.022005 2022] [mpm_winnt:notice] [pid 14704:tid 432] AH00456: Apache Lounge VC15 Server built: Mar 16 2022 15:48:38
[Fri Apr 22 10:36:22.022005 2022] [core:notice] [pid 14704:tid 432] AH00094: Command line: 'd:\\downloads\\xampp\\apache\\bin\\httpd.exe -d D:/Downloads/xampp/apache'
[Fri Apr 22 10:36:22.022005 2022] [mpm_winnt:notice] [pid 14704:tid 432] AH00418: Parent: Created child process 3768
[Fri Apr 22 10:36:22.993207 2022] [ssl:warn] [pid 3768:tid 444] AH01909: www.example.com:443:0 server certificate does NOT include an ID which matches the server name
[Fri Apr 22 10:36:23.077831 2022] [ssl:warn] [pid 3768:tid 444] AH01909: www.example.com:443:0 server certificate does NOT include an ID which matches the server name
[Fri Apr 22 10:36:23.140313 2022] [mpm_winnt:notice] [pid 3768:tid 444] AH00354: Child: Starting 150 worker threads.
[Fri Apr 22 10:45:20.037811 2022] [ssl:warn] [pid 3100:tid 448] AH01909: www.example.com:443:0 server certificate does NOT include an ID which matches the server name
[Fri Apr 22 10:45:20.121001 2022] [core:warn] [pid 3100:tid 448] AH00098: pid file D:/Downloads/xampp/apache/logs/httpd.pid overwritten -- Unclean shutdown of previous Apache run?
[Fri Apr 22 10:45:20.136555 2022] [ssl:warn] [pid 3100:tid 448] AH01909: www.example.com:443:0 server certificate does NOT include an ID which matches the server name
[Fri Apr 22 10:45:20.174380 2022] [mpm_winnt:notice] [pid 3100:tid 448] AH00455: Apache/2.4.53 (Win64) OpenSSL/1.1.1n PHP/7.4.29 configured -- resuming normal operations
[Fri Apr 22 10:45:20.174380 2022] [mpm_winnt:notice] [pid 3100:tid 448] AH00456: Apache Lounge VC15 Server built: Mar 16 2022 15:48:38
[Fri Apr 22 10:45:20.174380 2022] [core:notice] [pid 3100:tid 448] AH00094: Command line: 'd:\\downloads\\xampp\\apache\\bin\\httpd.exe -d D:/Downloads/xampp/apache'
[Fri Apr 22 10:45:20.174380 2022] [mpm_winnt:notice] [pid 3100:tid 448] AH00418: Parent: Created child process 1968
[Fri Apr 22 10:45:20.933080 2022] [ssl:warn] [pid 1968:tid 472] AH01909: www.example.com:443:0 server certificate does NOT include an ID which matches the server name
[Fri Apr 22 10:45:21.033216 2022] [ssl:warn] [pid 1968:tid 472] AH01909: www.example.com:443:0 server certificate does NOT include an ID which matches the server name
[Fri Apr 22 10:45:21.070914 2022] [mpm_winnt:notice] [pid 1968:tid 472] AH00354: Child: Starting 150 worker threads.
[Fri Apr 22 10:47:15.381617 2022] [php7:warn] [pid 1968:tid 1868] [client ::1:55771] PHP Warning:  mysqli::__construct(): (HY000/1049): Unknown database 'website_ivy' in D:\\Downloads\\xampp\\htdocs\\ivyfullstak\\admin\\lib\\database.php on line 26
[Fri Apr 22 10:47:15.382615 2022] [php7:warn] [pid 1968:tid 1868] [client ::1:55771] PHP Warning:  mysqli_set_charset(): Couldn't fetch mysqli in D:\\Downloads\\xampp\\htdocs\\ivyfullstak\\admin\\lib\\database.php on line 36
[Fri Apr 22 10:47:15.382615 2022] [php7:warn] [pid 1968:tid 1868] [client ::1:55771] PHP Warning:  mysqli::query(): Couldn't fetch mysqli in D:\\Downloads\\xampp\\htdocs\\ivyfullstak\\admin\\lib\\database.php on line 37
[Fri Apr 22 10:47:15.382615 2022] [php7:warn] [pid 1968:tid 1868] [client ::1:55771] PHP Warning:  Database::select(): Couldn't fetch mysqli in D:\\Downloads\\xampp\\htdocs\\ivyfullstak\\admin\\lib\\database.php on line 38
[Fri Apr 22 10:49:25.549483 2022] [php7:warn] [pid 1968:tid 1868] [client ::1:55794] PHP Warning:  mysqli::__construct(): (HY000/1049): Unknown database 'website_ivy' in D:\\Downloads\\xampp\\htdocs\\ivyfullstak\\admin\\lib\\database.php on line 26
[Fri Apr 22 10:49:25.549483 2022] [php7:warn] [pid 1968:tid 1868] [client ::1:55794] PHP Warning:  mysqli_set_charset(): Couldn't fetch mysqli in D:\\Downloads\\xampp\\htdocs\\ivyfullstak\\admin\\lib\\database.php on line 36
[Fri Apr 22 10:49:25.549483 2022] [php7:warn] [pid 1968:tid 1868] [client ::1:55794] PHP Warning:  mysqli::query(): Couldn't fetch mysqli in D:\\Downloads\\xampp\\htdocs\\ivyfullstak\\admin\\lib\\database.php on line 37
[Fri Apr 22 10:49:25.550479 2022] [php7:warn] [pid 1968:tid 1868] [client ::1:55794] PHP Warning:  Database::select(): Couldn't fetch mysqli in D:\\Downloads\\xampp\\htdocs\\ivyfullstak\\admin\\lib\\database.php on line 38
[Fri Apr 22 10:49:36.064560 2022] [ssl:warn] [pid 15808:tid 456] AH01909: www.example.com:443:0 server certificate does NOT include an ID which matches the server name
[Fri Apr 22 10:49:36.158176 2022] [core:warn] [pid 15808:tid 456] AH00098: pid file D:/Downloads/xampp/apache/logs/httpd.pid overwritten -- Unclean shutdown of previous Apache run?
[Fri Apr 22 10:49:36.158176 2022] [ssl:warn] [pid 15808:tid 456] AH01909: www.example.com:443:0 server certificate does NOT include an ID which matches the server name
[Fri Apr 22 10:49:36.204902 2022] [mpm_winnt:notice] [pid 15808:tid 456] AH00455: Apache/2.4.53 (Win64) OpenSSL/1.1.1n PHP/7.4.29 configured -- resuming normal operations
[Fri Apr 22 10:49:36.204902 2022] [mpm_winnt:notice] [pid 15808:tid 456] AH00456: Apache Lounge VC15 Server built: Mar 16 2022 15:48:38
[Fri Apr 22 10:49:36.204902 2022] [core:notice] [pid 15808:tid 456] AH00094: Command line: 'd:\\downloads\\xampp\\apache\\bin\\httpd.exe -d D:/Downloads/xampp/apache'
[Fri Apr 22 10:49:36.204902 2022] [mpm_winnt:notice] [pid 15808:tid 456] AH00418: Parent: Created child process 2288
[Fri Apr 22 10:49:37.038729 2022] [ssl:warn] [pid 2288:tid 452] AH01909: www.example.com:443:0 server certificate does NOT include an ID which matches the server name
[Fri Apr 22 10:49:37.138855 2022] [ssl:warn] [pid 2288:tid 452] AH01909: www.example.com:443:0 server certificate does NOT include an ID which matches the server name
[Fri Apr 22 10:49:37.170096 2022] [mpm_winnt:notice] [pid 2288:tid 452] AH00354: Child: Starting 150 worker threads.
[Fri Apr 22 10:49:42.352148 2022] [php7:warn] [pid 2288:tid 1884] [client ::1:55798] PHP Warning:  mysqli::__construct(): (HY000/1049): Unknown database 'website_ivy' in D:\\Downloads\\xampp\\htdocs\\ivyfullstak\\admin\\lib\\database.php on line 26
[Fri Apr 22 10:49:42.353190 2022] [php7:warn] [pid 2288:tid 1884] [client ::1:55798] PHP Warning:  mysqli_set_charset(): Couldn't fetch mysqli in D:\\Downloads\\xampp\\htdocs\\ivyfullstak\\admin\\lib\\database.php on line 36
[Fri Apr 22 10:49:42.353190 2022] [php7:warn] [pid 2288:tid 1884] [client ::1:55798] PHP Warning:  mysqli::query(): Couldn't fetch mysqli in D:\\Downloads\\xampp\\htdocs\\ivyfullstak\\admin\\lib\\database.php on line 37
[Fri Apr 22 10:49:42.353190 2022] [php7:warn] [pid 2288:tid 1884] [client ::1:55798] PHP Warning:  Database::select(): Couldn't fetch mysqli in D:\\Downloads\\xampp\\htdocs\\ivyfullstak\\admin\\lib\\database.php on line 38
[Fri Apr 22 10:50:16.970314 2022] [php7:warn] [pid 2288:tid 1872] [client ::1:55799] PHP Warning:  mysqli::__construct(): (HY000/1049): Unknown database 'website_ivy' in D:\\Downloads\\xampp\\htdocs\\ivyfullstak\\admin\\lib\\database.php on line 26
[Fri Apr 22 10:50:16.971312 2022] [php7:warn] [pid 2288:tid 1872] [client ::1:55799] PHP Warning:  mysqli_set_charset(): Couldn't fetch mysqli in D:\\Downloads\\xampp\\htdocs\\ivyfullstak\\admin\\lib\\database.php on line 36
[Fri Apr 22 10:50:16.971312 2022] [php7:warn] [pid 2288:tid 1872] [client ::1:55799] PHP Warning:  mysqli::query(): Couldn't fetch mysqli in D:\\Downloads\\xampp\\htdocs\\ivyfullstak\\admin\\lib\\database.php on line 37
[Fri Apr 22 10:50:16.971312 2022] [php7:warn] [pid 2288:tid 1872] [client ::1:55799] PHP Warning:  Database::select(): Couldn't fetch mysqli in D:\\Downloads\\xampp\\htdocs\\ivyfullstak\\admin\\lib\\database.php on line 38
[Fri Apr 22 10:50:17.902914 2022] [php7:warn] [pid 2288:tid 1872] [client ::1:55799] PHP Warning:  mysqli::__construct(): (HY000/1049): Unknown database 'website_ivy' in D:\\Downloads\\xampp\\htdocs\\ivyfullstak\\admin\\lib\\database.php on line 26
[Fri Apr 22 10:50:17.902914 2022] [php7:warn] [pid 2288:tid 1872] [client ::1:55799] PHP Warning:  mysqli_set_charset(): Couldn't fetch mysqli in D:\\Downloads\\xampp\\htdocs\\ivyfullstak\\admin\\lib\\database.php on line 36
[Fri Apr 22 10:50:17.902914 2022] [php7:warn] [pid 2288:tid 1872] [client ::1:55799] PHP Warning:  mysqli::query(): Couldn't fetch mysqli in D:\\Downloads\\xampp\\htdocs\\ivyfullstak\\admin\\lib\\database.php on line 37
[Fri Apr 22 10:50:17.903906 2022] [php7:warn] [pid 2288:tid 1872] [client ::1:55799] PHP Warning:  Database::select(): Couldn't fetch mysqli in D:\\Downloads\\xampp\\htdocs\\ivyfullstak\\admin\\lib\\database.php on line 38
[Fri Apr 22 10:50:59.746093 2022] [php7:warn] [pid 2288:tid 1884] [client ::1:55804] PHP Warning:  mysqli::__construct(): (HY000/1049): Unknown database 'website_ivy' in D:\\Downloads\\xampp\\htdocs\\ivyfullstak\\admin\\lib\\database.php on line 26
[Fri Apr 22 10:50:59.746093 2022] [php7:warn] [pid 2288:tid 1884] [client ::1:55804] PHP Warning:  mysqli_set_charset(): Couldn't fetch mysqli in D:\\Downloads\\xampp\\htdocs\\ivyfullstak\\admin\\lib\\database.php on line 36
[Fri Apr 22 10:50:59.747125 2022] [php7:warn] [pid 2288:tid 1884] [client ::1:55804] PHP Warning:  mysqli::query(): Couldn't fetch mysqli in D:\\Downloads\\xampp\\htdocs\\ivyfullstak\\admin\\lib\\database.php on line 37
[Fri Apr 22 10:50:59.747125 2022] [php7:warn] [pid 2288:tid 1884] [client ::1:55804] PHP Warning:  Database::select(): Couldn't fetch mysqli in D:\\Downloads\\xampp\\htdocs\\ivyfullstak\\admin\\lib\\database.php on line 38
[Fri Apr 22 10:52:28.914044 2022] [php7:warn] [pid 2288:tid 1884] [client ::1:55815] PHP Warning:  mysqli::__construct(): (HY000/1049): Unknown database 'website_ivy' in D:\\Downloads\\xampp\\htdocs\\ivyfullstak\\admin\\lib\\database.php on line 25
[Fri Apr 22 10:52:28.915050 2022] [php7:warn] [pid 2288:tid 1884] [client ::1:55815] PHP Warning:  mysqli_set_charset(): Couldn't fetch mysqli in D:\\Downloads\\xampp\\htdocs\\ivyfullstak\\admin\\lib\\database.php on line 35
[Fri Apr 22 10:52:28.915050 2022] [php7:warn] [pid 2288:tid 1884] [client ::1:55815] PHP Warning:  mysqli::query(): Couldn't fetch mysqli in D:\\Downloads\\xampp\\htdocs\\ivyfullstak\\admin\\lib\\database.php on line 36
[Fri Apr 22 10:52:28.915050 2022] [php7:warn] [pid 2288:tid 1884] [client ::1:55815] PHP Warning:  Database::select(): Couldn't fetch mysqli in D:\\Downloads\\xampp\\htdocs\\ivyfullstak\\admin\\lib\\database.php on line 37
[Fri Apr 22 10:53:25.597109 2022] [php7:warn] [pid 2288:tid 1872] [client ::1:55814] PHP Warning:  mysqli::__construct(): (HY000/1049): Unknown database 'website_ivy' in D:\\Downloads\\xampp\\htdocs\\ivyfullstak\\admin\\lib\\database.php on line 25
[Fri Apr 22 10:53:25.597109 2022] [php7:warn] [pid 2288:tid 1872] [client ::1:55814] PHP Warning:  mysqli_set_charset(): Couldn't fetch mysqli in D:\\Downloads\\xampp\\htdocs\\ivyfullstak\\admin\\lib\\database.php on line 36
[Fri Apr 22 10:53:25.597109 2022] [php7:warn] [pid 2288:tid 1872] [client ::1:55814] PHP Warning:  mysqli::query(): Couldn't fetch mysqli in D:\\Downloads\\xampp\\htdocs\\ivyfullstak\\admin\\lib\\database.php on line 37
[Fri Apr 22 10:53:25.597109 2022] [php7:warn] [pid 2288:tid 1872] [client ::1:55814] PHP Warning:  Database::select(): Couldn't fetch mysqli in D:\\Downloads\\xampp\\htdocs\\ivyfullstak\\admin\\lib\\database.php on line 38
[Fri Apr 22 10:53:26.890355 2022] [php7:warn] [pid 2288:tid 1872] [client ::1:55814] PHP Warning:  mysqli::__construct(): (HY000/1049): Unknown database 'website_ivy' in D:\\Downloads\\xampp\\htdocs\\ivyfullstak\\admin\\lib\\database.php on line 25
[Fri Apr 22 10:53:26.891357 2022] [php7:warn] [pid 2288:tid 1872] [client ::1:55814] PHP Warning:  mysqli_set_charset(): Couldn't fetch mysqli in D:\\Downloads\\xampp\\htdocs\\ivyfullstak\\admin\\lib\\database.php on line 36
[Fri Apr 22 10:53:26.891357 2022] [php7:warn] [pid 2288:tid 1872] [client ::1:55814] PHP Warning:  mysqli::query(): Couldn't fetch mysqli in D:\\Downloads\\xampp\\htdocs\\ivyfullstak\\admin\\lib\\database.php on line 37
[Fri Apr 22 10:53:26.891357 2022] [php7:warn] [pid 2288:tid 1872] [client ::1:55814] PHP Warning:  Database::select(): Couldn't fetch mysqli in D:\\Downloads\\xampp\\htdocs\\ivyfullstak\\admin\\lib\\database.php on line 38
[Fri Apr 22 10:54:32.305063 2022] [ssl:warn] [pid 12500:tid 452] AH01909: www.example.com:443:0 server certificate does NOT include an ID which matches the server name
[Fri Apr 22 10:54:32.399309 2022] [core:warn] [pid 12500:tid 452] AH00098: pid file D:/Downloads/xampp/apache/logs/httpd.pid overwritten -- Unclean shutdown of previous Apache run?
[Fri Apr 22 10:54:32.399309 2022] [ssl:warn] [pid 12500:tid 452] AH01909: www.example.com:443:0 server certificate does NOT include an ID which matches the server name
[Fri Apr 22 10:54:32.446171 2022] [mpm_winnt:notice] [pid 12500:tid 452] AH00455: Apache/2.4.53 (Win64) OpenSSL/1.1.1n PHP/7.4.29 configured -- resuming normal operations
[Fri Apr 22 10:54:32.446171 2022] [mpm_winnt:notice] [pid 12500:tid 452] AH00456: Apache Lounge VC15 Server built: Mar 16 2022 15:48:38
[Fri Apr 22 10:54:32.446171 2022] [core:notice] [pid 12500:tid 452] AH00094: Command line: 'd:\\downloads\\xampp\\apache\\bin\\httpd.exe -d D:/Downloads/xampp/apache'
[Fri Apr 22 10:54:32.446171 2022] [mpm_winnt:notice] [pid 12500:tid 452] AH00418: Parent: Created child process 6396
[Fri Apr 22 10:54:33.221556 2022] [ssl:warn] [pid 6396:tid 452] AH01909: www.example.com:443:0 server certificate does NOT include an ID which matches the server name
[Fri Apr 22 10:54:33.321712 2022] [ssl:warn] [pid 6396:tid 452] AH01909: www.example.com:443:0 server certificate does NOT include an ID which matches the server name
[Fri Apr 22 10:54:33.359514 2022] [mpm_winnt:notice] [pid 6396:tid 452] AH00354: Child: Starting 150 worker threads.
[Fri Apr 22 10:55:01.960816 2022] [php7:warn] [pid 6396:tid 1872] [client ::1:55854] PHP Warning:  mysqli::__construct(): (HY000/1049): Unknown database 'website_ivy' in D:\\Downloads\\xampp\\htdocs\\ivyfullstak\\admin\\lib\\database.php on line 25
[Fri Apr 22 10:55:01.960816 2022] [php7:warn] [pid 6396:tid 1872] [client ::1:55854] PHP Warning:  mysqli_set_charset(): Couldn't fetch mysqli in D:\\Downloads\\xampp\\htdocs\\ivyfullstak\\admin\\lib\\database.php on line 36
[Fri Apr 22 10:55:01.961814 2022] [php7:warn] [pid 6396:tid 1872] [client ::1:55854] PHP Warning:  mysqli::query(): Couldn't fetch mysqli in D:\\Downloads\\xampp\\htdocs\\ivyfullstak\\admin\\lib\\database.php on line 37
[Fri Apr 22 10:55:01.961814 2022] [php7:warn] [pid 6396:tid 1872] [client ::1:55854] PHP Warning:  Database::select(): Couldn't fetch mysqli in D:\\Downloads\\xampp\\htdocs\\ivyfullstak\\admin\\lib\\database.php on line 38
[Fri Apr 22 11:01:08.945578 2022] [php7:warn] [pid 6396:tid 1856] [client ::1:55924] PHP Warning:  mysqli::__construct(): (HY000/1049): Unknown database 'aodaiduongthi' in D:\\Downloads\\xampp\\htdocs\\ivyfullstak\\admin\\lib\\database.php on line 25, referer: http://localhost:8080/ivyfullstak/admin/productadd.php
[Fri Apr 22 11:01:08.946581 2022] [php7:warn] [pid 6396:tid 1856] [client ::1:55924] PHP Warning:  mysqli_set_charset(): Couldn't fetch mysqli in D:\\Downloads\\xampp\\htdocs\\ivyfullstak\\admin\\lib\\database.php on line 36, referer: http://localhost:8080/ivyfullstak/admin/productadd.php
[Fri Apr 22 11:01:08.946581 2022] [php7:warn] [pid 6396:tid 1856] [client ::1:55924] PHP Warning:  mysqli::query(): Couldn't fetch mysqli in D:\\Downloads\\xampp\\htdocs\\ivyfullstak\\admin\\lib\\database.php on line 37, referer: http://localhost:8080/ivyfullstak/admin/productadd.php
[Fri Apr 22 11:01:08.946581 2022] [php7:warn] [pid 6396:tid 1856] [client ::1:55924] PHP Warning:  Database::select(): Couldn't fetch mysqli in D:\\Downloads\\xampp\\htdocs\\ivyfullstak\\admin\\lib\\database.php on line 38, referer: http://localhost:8080/ivyfullstak/admin/productadd.php
[Fri Apr 22 11:01:11.679857 2022] [php7:warn] [pid 6396:tid 1856] [client ::1:55924] PHP Warning:  mysqli::__construct(): (HY000/1049): Unknown database 'aodaiduongthi' in D:\\Downloads\\xampp\\htdocs\\ivyfullstak\\admin\\lib\\database.php on line 25, referer: http://localhost:8080/ivyfullstak/admin/productadd.php
[Fri Apr 22 11:01:11.679857 2022] [php7:warn] [pid 6396:tid 1856] [client ::1:55924] PHP Warning:  mysqli_set_charset(): Couldn't fetch mysqli in D:\\Downloads\\xampp\\htdocs\\ivyfullstak\\admin\\lib\\database.php on line 36, referer: http://localhost:8080/ivyfullstak/admin/productadd.php
[Fri Apr 22 11:01:11.679857 2022] [php7:warn] [pid 6396:tid 1856] [client ::1:55924] PHP Warning:  mysqli::query(): Couldn't fetch mysqli in D:\\Downloads\\xampp\\htdocs\\ivyfullstak\\admin\\lib\\database.php on line 37, referer: http://localhost:8080/ivyfullstak/admin/productadd.php
[Fri Apr 22 11:01:11.679857 2022] [php7:warn] [pid 6396:tid 1856] [client ::1:55924] PHP Warning:  Database::select(): Couldn't fetch mysqli in D:\\Downloads\\xampp\\htdocs\\ivyfullstak\\admin\\lib\\database.php on line 38, referer: http://localhost:8080/ivyfullstak/admin/productadd.php
[Fri Apr 22 11:02:27.254605 2022] [php7:warn] [pid 6396:tid 1856] [client ::1:55938] PHP Warning:  mysqli::__construct(): (HY000/1049): Unknown database 'aodaiduongthi' in D:\\Downloads\\xampp\\htdocs\\ivyfullstak\\admin\\lib\\database.php on line 25, referer: http://localhost:8080/ivyfullstak/admin/productadd.php
[Fri Apr 22 11:02:27.254605 2022] [php7:warn] [pid 6396:tid 1856] [client ::1:55938] PHP Warning:  mysqli_set_charset(): Couldn't fetch mysqli in D:\\Downloads\\xampp\\htdocs\\ivyfullstak\\admin\\lib\\database.php on line 36, referer: http://localhost:8080/ivyfullstak/admin/productadd.php
[Fri Apr 22 11:02:27.254605 2022] [php7:warn] [pid 6396:tid 1856] [client ::1:55938] PHP Warning:  mysqli::query(): Couldn't fetch mysqli in D:\\Downloads\\xampp\\htdocs\\ivyfullstak\\admin\\lib\\database.php on line 37, referer: http://localhost:8080/ivyfullstak/admin/productadd.php
[Fri Apr 22 11:02:27.254605 2022] [php7:warn] [pid 6396:tid 1856] [client ::1:55938] PHP Warning:  Database::select(): Couldn't fetch mysqli in D:\\Downloads\\xampp\\htdocs\\ivyfullstak\\admin\\lib\\database.php on line 38, referer: http://localhost:8080/ivyfullstak/admin/productadd.php
[Fri Apr 22 11:02:30.051065 2022] [php7:warn] [pid 6396:tid 1856] [client ::1:55938] PHP Warning:  mysqli::__construct(): (HY000/1049): Unknown database 'aodaiduongthi' in D:\\Downloads\\xampp\\htdocs\\ivyfullstak\\admin\\lib\\database.php on line 25, referer: http://localhost:8080/ivyfullstak/admin/productadd.php
[Fri Apr 22 11:02:30.051065 2022] [php7:warn] [pid 6396:tid 1856] [client ::1:55938] PHP Warning:  mysqli_set_charset(): Couldn't fetch mysqli in D:\\Downloads\\xampp\\htdocs\\ivyfullstak\\admin\\lib\\database.php on line 36, referer: http://localhost:8080/ivyfullstak/admin/productadd.php
[Fri Apr 22 11:02:30.051065 2022] [php7:warn] [pid 6396:tid 1856] [client ::1:55938] PHP Warning:  mysqli::query(): Couldn't fetch mysqli in D:\\Downloads\\xampp\\htdocs\\ivyfullstak\\admin\\lib\\database.php on line 37, referer: http://localhost:8080/ivyfullstak/admin/productadd.php
[Fri Apr 22 11:02:30.051065 2022] [php7:warn] [pid 6396:tid 1856] [client ::1:55938] PHP Warning:  Database::select(): Couldn't fetch mysqli in D:\\Downloads\\xampp\\htdocs\\ivyfullstak\\admin\\lib\\database.php on line 38, referer: http://localhost:8080/ivyfullstak/admin/productadd.php
[Fri Apr 22 11:03:39.328573 2022] [php7:warn] [pid 6396:tid 1856] [client ::1:55945] PHP Warning:  mysqli::__construct(): (HY000/1049): Unknown database 'aodaiduongthi' in D:\\Downloads\\xampp\\htdocs\\ivyfullstak\\admin\\lib\\database.php on line 25, referer: http://localhost:8080/ivyfullstak/admin/productadd.php
[Fri Apr 22 11:03:39.328573 2022] [php7:warn] [pid 6396:tid 1856] [client ::1:55945] PHP Warning:  mysqli_set_charset(): Couldn't fetch mysqli in D:\\Downloads\\xampp\\htdocs\\ivyfullstak\\admin\\lib\\database.php on line 36, referer: http://localhost:8080/ivyfullstak/admin/productadd.php
[Fri Apr 22 11:03:39.328573 2022] [php7:warn] [pid 6396:tid 1856] [client ::1:55945] PHP Warning:  mysqli::query(): Couldn't fetch mysqli in D:\\Downloads\\xampp\\htdocs\\ivyfullstak\\admin\\lib\\database.php on line 37, referer: http://localhost:8080/ivyfullstak/admin/productadd.php
[Fri Apr 22 11:03:39.328573 2022] [php7:warn] [pid 6396:tid 1856] [client ::1:55945] PHP Warning:  Database::select(): Couldn't fetch mysqli in D:\\Downloads\\xampp\\htdocs\\ivyfullstak\\admin\\lib\\database.php on line 38, referer: http://localhost:8080/ivyfullstak/admin/productadd.php
[Fri Apr 22 11:03:43.838403 2022] [php7:warn] [pid 6396:tid 1856] [client ::1:55945] PHP Warning:  mysqli::__construct(): (HY000/1049): Unknown database 'aodaiduongthi' in D:\\Downloads\\xampp\\htdocs\\ivyfullstak\\admin\\lib\\database.php on line 25, referer: http://localhost:8080/ivyfullstak/admin/productadd.php
[Fri Apr 22 11:03:43.839410 2022] [php7:warn] [pid 6396:tid 1856] [client ::1:55945] PHP Warning:  mysqli_set_charset(): Couldn't fetch mysqli in D:\\Downloads\\xampp\\htdocs\\ivyfullstak\\admin\\lib\\database.php on line 36, referer: http://localhost:8080/ivyfullstak/admin/productadd.php
[Fri Apr 22 11:03:43.839410 2022] [php7:warn] [pid 6396:tid 1856] [client ::1:55945] PHP Warning:  mysqli::query(): Couldn't fetch mysqli in D:\\Downloads\\xampp\\htdocs\\ivyfullstak\\admin\\lib\\database.php on line 37, referer: http://localhost:8080/ivyfullstak/admin/productadd.php
[Fri Apr 22 11:03:43.839410 2022] [php7:warn] [pid 6396:tid 1856] [client ::1:55945] PHP Warning:  Database::select(): Couldn't fetch mysqli in D:\\Downloads\\xampp\\htdocs\\ivyfullstak\\admin\\lib\\database.php on line 38, referer: http://localhost:8080/ivyfullstak/admin/productadd.php
[Fri Apr 22 11:03:48.520811 2022] [php7:warn] [pid 6396:tid 1856] [client ::1:55945] PHP Warning:  mysqli::__construct(): (HY000/1049): Unknown database 'aodaiduongthi' in D:\\Downloads\\xampp\\htdocs\\ivyfullstak\\admin\\lib\\database.php on line 25, referer: http://localhost:8080/ivyfullstak/admin/productadd.php
[Fri Apr 22 11:03:48.521814 2022] [php7:warn] [pid 6396:tid 1856] [client ::1:55945] PHP Warning:  mysqli_set_charset(): Couldn't fetch mysqli in D:\\Downloads\\xampp\\htdocs\\ivyfullstak\\admin\\lib\\database.php on line 36, referer: http://localhost:8080/ivyfullstak/admin/productadd.php
[Fri Apr 22 11:03:48.521814 2022] [php7:warn] [pid 6396:tid 1856] [client ::1:55945] PHP Warning:  mysqli::query(): Couldn't fetch mysqli in D:\\Downloads\\xampp\\htdocs\\ivyfullstak\\admin\\lib\\database.php on line 37, referer: http://localhost:8080/ivyfullstak/admin/productadd.php
[Fri Apr 22 11:03:48.521814 2022] [php7:warn] [pid 6396:tid 1856] [client ::1:55945] PHP Warning:  Database::select(): Couldn't fetch mysqli in D:\\Downloads\\xampp\\htdocs\\ivyfullstak\\admin\\lib\\database.php on line 38, referer: http://localhost:8080/ivyfullstak/admin/productadd.php
[Fri Apr 22 11:12:36.290872 2022] [php7:notice] [pid 6396:tid 1852] [client ::1:55977] PHP Notice:  Undefined index: dloaisanpham_id in D:\\Downloads\\xampp\\htdocs\\ivyfullstak\\admin\\productadd.php on line 52, referer: http://localhost:8080/ivyfullstak/admin/anhsanphamlists.php
[Fri Apr 22 11:12:36.290872 2022] [php7:notice] [pid 6396:tid 1852] [client ::1:55977] PHP Notice:  Undefined index: dloaisanpham_ten in D:\\Downloads\\xampp\\htdocs\\ivyfullstak\\admin\\productadd.php on line 52, referer: http://localhost:8080/ivyfullstak/admin/anhsanphamlists.php
[Fri Apr 22 11:12:36.290872 2022] [php7:notice] [pid 6396:tid 1852] [client ::1:55977] PHP Notice:  Undefined index: dloaisanpham_id in D:\\Downloads\\xampp\\htdocs\\ivyfullstak\\admin\\productadd.php on line 52, referer: http://localhost:8080/ivyfullstak/admin/anhsanphamlists.php
[Fri Apr 22 11:12:36.291874 2022] [php7:notice] [pid 6396:tid 1852] [client ::1:55977] PHP Notice:  Undefined index: dloaisanpham_ten in D:\\Downloads\\xampp\\htdocs\\ivyfullstak\\admin\\productadd.php on line 52, referer: http://localhost:8080/ivyfullstak/admin/anhsanphamlists.php
[Fri Apr 22 11:12:36.291874 2022] [php7:notice] [pid 6396:tid 1852] [client ::1:55977] PHP Notice:  Undefined index: dloaisanpham_id in D:\\Downloads\\xampp\\htdocs\\ivyfullstak\\admin\\productadd.php on line 52, referer: http://localhost:8080/ivyfullstak/admin/anhsanphamlists.php
[Fri Apr 22 11:12:36.291874 2022] [php7:notice] [pid 6396:tid 1852] [client ::1:55977] PHP Notice:  Undefined index: dloaisanpham_ten in D:\\Downloads\\xampp\\htdocs\\ivyfullstak\\admin\\productadd.php on line 52, referer: http://localhost:8080/ivyfullstak/admin/anhsanphamlists.php
[Fri Apr 22 11:12:36.291874 2022] [php7:notice] [pid 6396:tid 1852] [client ::1:55977] PHP Notice:  Undefined index: dloaisanpham_id in D:\\Downloads\\xampp\\htdocs\\ivyfullstak\\admin\\productadd.php on line 52, referer: http://localhost:8080/ivyfullstak/admin/anhsanphamlists.php
[Fri Apr 22 11:12:36.292871 2022] [php7:notice] [pid 6396:tid 1852] [client ::1:55977] PHP Notice:  Undefined index: dloaisanpham_ten in D:\\Downloads\\xampp\\htdocs\\ivyfullstak\\admin\\productadd.php on line 52, referer: http://localhost:8080/ivyfullstak/admin/anhsanphamlists.php
[Fri Apr 22 11:12:36.292871 2022] [php7:notice] [pid 6396:tid 1852] [client ::1:55977] PHP Notice:  Undefined index: dloaisanpham_id in D:\\Downloads\\xampp\\htdocs\\ivyfullstak\\admin\\productadd.php on line 52, referer: http://localhost:8080/ivyfullstak/admin/anhsanphamlists.php
[Fri Apr 22 11:12:36.293879 2022] [php7:notice] [pid 6396:tid 1852] [client ::1:55977] PHP Notice:  Undefined index: dloaisanpham_ten in D:\\Downloads\\xampp\\htdocs\\ivyfullstak\\admin\\productadd.php on line 52, referer: http://localhost:8080/ivyfullstak/admin/anhsanphamlists.php
[Fri Apr 22 11:13:43.693465 2022] [php7:warn] [pid 6396:tid 1852] [client ::1:55982] PHP Warning:  mysqli::__construct(): (HY000/1049): Unknown database 'aodaiduongthi' in D:\\Downloads\\xampp\\htdocs\\ivyfullstak\\admin\\lib\\database.php on line 25, referer: http://localhost:8080/ivyfullstak/admin/productadd.php
[Fri Apr 22 11:13:43.693465 2022] [php7:warn] [pid 6396:tid 1852] [client ::1:55982] PHP Warning:  mysqli_set_charset(): Couldn't fetch mysqli in D:\\Downloads\\xampp\\htdocs\\ivyfullstak\\admin\\lib\\database.php on line 36, referer: http://localhost:8080/ivyfullstak/admin/productadd.php
[Fri Apr 22 11:13:43.693465 2022] [php7:warn] [pid 6396:tid 1852] [client ::1:55982] PHP Warning:  mysqli::query(): Couldn't fetch mysqli in D:\\Downloads\\xampp\\htdocs\\ivyfullstak\\admin\\lib\\database.php on line 37, referer: http://localhost:8080/ivyfullstak/admin/productadd.php
[Fri Apr 22 11:13:43.694462 2022] [php7:warn] [pid 6396:tid 1852] [client ::1:55982] PHP Warning:  Database::select(): Couldn't fetch mysqli in D:\\Downloads\\xampp\\htdocs\\ivyfullstak\\admin\\lib\\database.php on line 38, referer: http://localhost:8080/ivyfullstak/admin/productadd.php
[Fri Apr 22 11:13:50.033113 2022] [php7:warn] [pid 6396:tid 1852] [client ::1:55988] PHP Warning:  mysqli::__construct(): (HY000/1049): Unknown database 'aodaiduongthi' in D:\\Downloads\\xampp\\htdocs\\ivyfullstak\\admin\\lib\\database.php on line 25, referer: http://localhost:8080/ivyfullstak/admin/productadd.php
[Fri Apr 22 11:13:50.034109 2022] [php7:warn] [pid 6396:tid 1852] [client ::1:55988] PHP Warning:  mysqli_set_charset(): Couldn't fetch mysqli in D:\\Downloads\\xampp\\htdocs\\ivyfullstak\\admin\\lib\\database.php on line 36, referer: http://localhost:8080/ivyfullstak/admin/productadd.php
[Fri Apr 22 11:13:50.034109 2022] [php7:warn] [pid 6396:tid 1852] [client ::1:55988] PHP Warning:  mysqli::query(): Couldn't fetch mysqli in D:\\Downloads\\xampp\\htdocs\\ivyfullstak\\admin\\lib\\database.php on line 37, referer: http://localhost:8080/ivyfullstak/admin/productadd.php
[Fri Apr 22 11:13:50.034109 2022] [php7:warn] [pid 6396:tid 1852] [client ::1:55988] PHP Warning:  Database::select(): Couldn't fetch mysqli in D:\\Downloads\\xampp\\htdocs\\ivyfullstak\\admin\\lib\\database.php on line 38, referer: http://localhost:8080/ivyfullstak/admin/productadd.php
[Fri Apr 22 11:13:56.066604 2022] [php7:warn] [pid 6396:tid 1852] [client ::1:55990] PHP Warning:  mysqli::__construct(): (HY000/1049): Unknown database 'aodaiduongthi' in D:\\Downloads\\xampp\\htdocs\\ivyfullstak\\admin\\lib\\database.php on line 25, referer: http://localhost:8080/ivyfullstak/admin/productadd.php
[Fri Apr 22 11:13:56.067607 2022] [php7:warn] [pid 6396:tid 1852] [client ::1:55990] PHP Warning:  mysqli_set_charset(): Couldn't fetch mysqli in D:\\Downloads\\xampp\\htdocs\\ivyfullstak\\admin\\lib\\database.php on line 36, referer: http://localhost:8080/ivyfullstak/admin/productadd.php
[Fri Apr 22 11:13:56.067607 2022] [php7:warn] [pid 6396:tid 1852] [client ::1:55990] PHP Warning:  mysqli::query(): Couldn't fetch mysqli in D:\\Downloads\\xampp\\htdocs\\ivyfullstak\\admin\\lib\\database.php on line 37, referer: http://localhost:8080/ivyfullstak/admin/productadd.php
[Fri Apr 22 11:13:56.067607 2022] [php7:warn] [pid 6396:tid 1852] [client ::1:55990] PHP Warning:  Database::select(): Couldn't fetch mysqli in D:\\Downloads\\xampp\\htdocs\\ivyfullstak\\admin\\lib\\database.php on line 38, referer: http://localhost:8080/ivyfullstak/admin/productadd.php
[Fri Apr 22 11:14:00.597729 2022] [php7:warn] [pid 6396:tid 1852] [client ::1:55990] PHP Warning:  mysqli::__construct(): (HY000/1049): Unknown database 'aodaiduongthi' in D:\\Downloads\\xampp\\htdocs\\ivyfullstak\\admin\\lib\\database.php on line 25, referer: http://localhost:8080/ivyfullstak/admin/productadd.php
[Fri Apr 22 11:14:00.597729 2022] [php7:warn] [pid 6396:tid 1852] [client ::1:55990] PHP Warning:  mysqli_set_charset(): Couldn't fetch mysqli in D:\\Downloads\\xampp\\htdocs\\ivyfullstak\\admin\\lib\\database.php on line 36, referer: http://localhost:8080/ivyfullstak/admin/productadd.php
[Fri Apr 22 11:14:00.598760 2022] [php7:warn] [pid 6396:tid 1852] [client ::1:55990] PHP Warning:  mysqli::query(): Couldn't fetch mysqli in D:\\Downloads\\xampp\\htdocs\\ivyfullstak\\admin\\lib\\database.php on line 37, referer: http://localhost:8080/ivyfullstak/admin/productadd.php
[Fri Apr 22 11:14:00.598760 2022] [php7:warn] [pid 6396:tid 1852] [client ::1:55990] PHP Warning:  Database::select(): Couldn't fetch mysqli in D:\\Downloads\\xampp\\htdocs\\ivyfullstak\\admin\\lib\\database.php on line 38, referer: http://localhost:8080/ivyfullstak/admin/productadd.php
[Fri Apr 22 11:14:04.662219 2022] [php7:warn] [pid 6396:tid 1852] [client ::1:55990] PHP Warning:  mysqli::__construct(): (HY000/1049): Unknown database 'aodaiduongthi' in D:\\Downloads\\xampp\\htdocs\\ivyfullstak\\admin\\lib\\database.php on line 25, referer: http://localhost:8080/ivyfullstak/admin/productadd.php
[Fri Apr 22 11:14:04.662219 2022] [php7:warn] [pid 6396:tid 1852] [client ::1:55990] PHP Warning:  mysqli_set_charset(): Couldn't fetch mysqli in D:\\Downloads\\xampp\\htdocs\\ivyfullstak\\admin\\lib\\database.php on line 36, referer: http://localhost:8080/ivyfullstak/admin/productadd.php
[Fri Apr 22 11:14:04.662219 2022] [php7:warn] [pid 6396:tid 1852] [client ::1:55990] PHP Warning:  mysqli::query(): Couldn't fetch mysqli in D:\\Downloads\\xampp\\htdocs\\ivyfullstak\\admin\\lib\\database.php on line 37, referer: http://localhost:8080/ivyfullstak/admin/productadd.php
[Fri Apr 22 11:14:04.663216 2022] [php7:warn] [pid 6396:tid 1852] [client ::1:55990] PHP Warning:  Database::select(): Couldn't fetch mysqli in D:\\Downloads\\xampp\\htdocs\\ivyfullstak\\admin\\lib\\database.php on line 38, referer: http://localhost:8080/ivyfullstak/admin/productadd.php
[Fri Apr 22 11:14:09.724669 2022] [php7:warn] [pid 6396:tid 1852] [client ::1:55994] PHP Warning:  mysqli::__construct(): (HY000/1049): Unknown database 'aodaiduongthi' in D:\\Downloads\\xampp\\htdocs\\ivyfullstak\\admin\\lib\\database.php on line 25, referer: http://localhost:8080/ivyfullstak/admin/productadd.php
[Fri Apr 22 11:14:09.724669 2022] [php7:warn] [pid 6396:tid 1852] [client ::1:55994] PHP Warning:  mysqli_set_charset(): Couldn't fetch mysqli in D:\\Downloads\\xampp\\htdocs\\ivyfullstak\\admin\\lib\\database.php on line 36, referer: http://localhost:8080/ivyfullstak/admin/productadd.php
[Fri Apr 22 11:14:09.724669 2022] [php7:warn] [pid 6396:tid 1852] [client ::1:55994] PHP Warning:  mysqli::query(): Couldn't fetch mysqli in D:\\Downloads\\xampp\\htdocs\\ivyfullstak\\admin\\lib\\database.php on line 37, referer: http://localhost:8080/ivyfullstak/admin/productadd.php
[Fri Apr 22 11:14:09.725665 2022] [php7:warn] [pid 6396:tid 1852] [client ::1:55994] PHP Warning:  Database::select(): Couldn't fetch mysqli in D:\\Downloads\\xampp\\htdocs\\ivyfullstak\\admin\\lib\\database.php on line 38, referer: http://localhost:8080/ivyfullstak/admin/productadd.php
[Fri Apr 22 12:55:18.891593 2022] [ssl:warn] [pid 6976:tid 432] AH01909: www.example.com:443:0 server certificate does NOT include an ID which matches the server name
[Fri Apr 22 12:55:19.003915 2022] [core:warn] [pid 6976:tid 432] AH00098: pid file D:/Downloads/xampp/apache/logs/httpd.pid overwritten -- Unclean shutdown of previous Apache run?
[Fri Apr 22 12:55:19.009899 2022] [ssl:warn] [pid 6976:tid 432] AH01909: www.example.com:443:0 server certificate does NOT include an ID which matches the server name
[Fri Apr 22 12:55:19.059765 2022] [mpm_winnt:notice] [pid 6976:tid 432] AH00455: Apache/2.4.53 (Win64) OpenSSL/1.1.1n PHP/7.4.29 configured -- resuming normal operations
[Fri Apr 22 12:55:19.059765 2022] [mpm_winnt:notice] [pid 6976:tid 432] AH00456: Apache Lounge VC15 Server built: Mar 16 2022 15:48:38
[Fri Apr 22 12:55:19.059765 2022] [core:notice] [pid 6976:tid 432] AH00094: Command line: 'd:\\downloads\\xampp\\apache\\bin\\httpd.exe -d D:/Downloads/xampp/apache'
[Fri Apr 22 12:55:19.065749 2022] [mpm_winnt:notice] [pid 6976:tid 432] AH00418: Parent: Created child process 15576
[Fri Apr 22 12:55:19.989828 2022] [ssl:warn] [pid 15576:tid 436] AH01909: www.example.com:443:0 server certificate does NOT include an ID which matches the server name
[Fri Apr 22 12:55:20.118483 2022] [ssl:warn] [pid 15576:tid 436] AH01909: www.example.com:443:0 server certificate does NOT include an ID which matches the server name
[Fri Apr 22 12:55:20.183312 2022] [mpm_winnt:notice] [pid 15576:tid 436] AH00354: Child: Starting 150 worker threads.
[Fri Apr 22 15:20:04.818638 2022] [ssl:warn] [pid 8108:tid 432] AH01909: www.example.com:443:0 server certificate does NOT include an ID which matches the server name
[Fri Apr 22 15:20:04.936542 2022] [core:warn] [pid 8108:tid 432] AH00098: pid file D:/Downloads/xampp/apache/logs/httpd.pid overwritten -- Unclean shutdown of previous Apache run?
[Fri Apr 22 15:20:04.942027 2022] [ssl:warn] [pid 8108:tid 432] AH01909: www.example.com:443:0 server certificate does NOT include an ID which matches the server name
[Fri Apr 22 15:20:06.269450 2022] [mpm_winnt:notice] [pid 8108:tid 432] AH00455: Apache/2.4.53 (Win64) OpenSSL/1.1.1n PHP/7.4.29 configured -- resuming normal operations
[Fri Apr 22 15:20:06.269450 2022] [mpm_winnt:notice] [pid 8108:tid 432] AH00456: Apache Lounge VC15 Server built: Mar 16 2022 15:48:38
[Fri Apr 22 15:20:06.269450 2022] [core:notice] [pid 8108:tid 432] AH00094: Command line: 'd:\\downloads\\xampp\\apache\\bin\\httpd.exe -d D:/Downloads/xampp/apache'
[Fri Apr 22 15:20:06.277432 2022] [mpm_winnt:notice] [pid 8108:tid 432] AH00418: Parent: Created child process 6604
[Fri Apr 22 15:20:07.359759 2022] [ssl:warn] [pid 6604:tid 408] AH01909: www.example.com:443:0 server certificate does NOT include an ID which matches the server name
[Fri Apr 22 15:20:07.474476 2022] [ssl:warn] [pid 6604:tid 408] AH01909: www.example.com:443:0 server certificate does NOT include an ID which matches the server name
[Fri Apr 22 15:20:07.531368 2022] [mpm_winnt:notice] [pid 6604:tid 408] AH00354: Child: Starting 150 worker threads.
[Sun Apr 24 13:47:08.151855 2022] [ssl:warn] [pid 14540:tid 404] AH01909: www.example.com:443:0 server certificate does NOT include an ID which matches the server name
[Sun Apr 24 13:47:08.494766 2022] [core:warn] [pid 14540:tid 404] AH00098: pid file D:/Downloads/xampp/apache/logs/httpd.pid overwritten -- Unclean shutdown of previous Apache run?
[Sun Apr 24 13:47:08.531128 2022] [ssl:warn] [pid 14540:tid 404] AH01909: www.example.com:443:0 server certificate does NOT include an ID which matches the server name
[Sun Apr 24 13:47:12.804725 2022] [mpm_winnt:notice] [pid 14540:tid 404] AH00455: Apache/2.4.53 (Win64) OpenSSL/1.1.1n PHP/7.4.29 configured -- resuming normal operations
[Sun Apr 24 13:47:12.804725 2022] [mpm_winnt:notice] [pid 14540:tid 404] AH00456: Apache Lounge VC15 Server built: Mar 16 2022 15:48:38
[Sun Apr 24 13:47:12.804725 2022] [core:notice] [pid 14540:tid 404] AH00094: Command line: 'd:\\downloads\\xampp\\apache\\bin\\httpd.exe -d D:/Downloads/xampp/apache'
[Sun Apr 24 13:47:12.807976 2022] [mpm_winnt:notice] [pid 14540:tid 404] AH00418: Parent: Created child process 13888
[Sun Apr 24 13:47:14.815845 2022] [ssl:warn] [pid 13888:tid 416] AH01909: www.example.com:443:0 server certificate does NOT include an ID which matches the server name
[Sun Apr 24 13:47:14.937498 2022] [ssl:warn] [pid 13888:tid 416] AH01909: www.example.com:443:0 server certificate does NOT include an ID which matches the server name
[Sun Apr 24 13:47:15.118236 2022] [mpm_winnt:notice] [pid 13888:tid 416] AH00354: Child: Starting 150 worker threads.
[Sun Apr 24 15:55:49.539190 2022] [ssl:warn] [pid 9256:tid 444] AH01909: www.example.com:443:0 server certificate does NOT include an ID which matches the server name
[Sun Apr 24 15:55:49.704400 2022] [core:warn] [pid 9256:tid 444] AH00098: pid file D:/Downloads/xampp/apache/logs/httpd.pid overwritten -- Unclean shutdown of previous Apache run?
[Sun Apr 24 15:55:49.712001 2022] [ssl:warn] [pid 9256:tid 444] AH01909: www.example.com:443:0 server certificate does NOT include an ID which matches the server name
[Sun Apr 24 15:55:49.954758 2022] [mpm_winnt:notice] [pid 9256:tid 444] AH00455: Apache/2.4.53 (Win64) OpenSSL/1.1.1n PHP/7.4.29 configured -- resuming normal operations
[Sun Apr 24 15:55:49.955754 2022] [mpm_winnt:notice] [pid 9256:tid 444] AH00456: Apache Lounge VC15 Server built: Mar 16 2022 15:48:38
[Sun Apr 24 15:55:49.955925 2022] [core:notice] [pid 9256:tid 444] AH00094: Command line: 'd:\\downloads\\xampp\\apache\\bin\\httpd.exe -d D:/Downloads/xampp/apache'
[Sun Apr 24 15:55:49.961592 2022] [mpm_winnt:notice] [pid 9256:tid 444] AH00418: Parent: Created child process 8868
[Sun Apr 24 15:55:50.730216 2022] [ssl:warn] [pid 8868:tid 432] AH01909: www.example.com:443:0 server certificate does NOT include an ID which matches the server name
[Sun Apr 24 15:55:50.854246 2022] [ssl:warn] [pid 8868:tid 432] AH01909: www.example.com:443:0 server certificate does NOT include an ID which matches the server name
[Sun Apr 24 15:55:50.924121 2022] [mpm_winnt:notice] [pid 8868:tid 432] AH00354: Child: Starting 150 worker threads.
[Mon Apr 25 09:41:32.456518 2022] [ssl:warn] [pid 2624:tid 404] AH01909: www.example.com:443:0 server certificate does NOT include an ID which matches the server name
[Mon Apr 25 09:41:32.628353 2022] [core:warn] [pid 2624:tid 404] AH00098: pid file D:/Downloads/xampp/apache/logs/httpd.pid overwritten -- Unclean shutdown of previous Apache run?
[Mon Apr 25 09:41:32.643979 2022] [ssl:warn] [pid 2624:tid 404] AH01909: www.example.com:443:0 server certificate does NOT include an ID which matches the server name
[Mon Apr 25 09:41:33.190757 2022] [mpm_winnt:notice] [pid 2624:tid 404] AH00455: Apache/2.4.53 (Win64) OpenSSL/1.1.1n PHP/7.4.29 configured -- resuming normal operations
[Mon Apr 25 09:41:33.190757 2022] [mpm_winnt:notice] [pid 2624:tid 404] AH00456: Apache Lounge VC15 Server built: Mar 16 2022 15:48:38
[Mon Apr 25 09:41:33.190757 2022] [core:notice] [pid 2624:tid 404] AH00094: Command line: 'd:\\downloads\\xampp\\apache\\bin\\httpd.exe -d D:/Downloads/xampp/apache'
[Mon Apr 25 09:41:33.190757 2022] [mpm_winnt:notice] [pid 2624:tid 404] AH00418: Parent: Created child process 13952
[Mon Apr 25 09:41:34.018653 2022] [ssl:warn] [pid 13952:tid 408] AH01909: www.example.com:443:0 server certificate does NOT include an ID which matches the server name
[Mon Apr 25 09:41:34.128002 2022] [ssl:warn] [pid 13952:tid 408] AH01909: www.example.com:443:0 server certificate does NOT include an ID which matches the server name
[Mon Apr 25 09:41:34.174867 2022] [mpm_winnt:notice] [pid 13952:tid 408] AH00354: Child: Starting 150 worker threads.
[Mon Apr 25 10:45:13.616498 2022] [php7:warn] [pid 13952:tid 1848] [client ::1:53947] PHP Warning:  mysqli::__construct(): (HY000/1049): Unknown database 'aodaiduongthi' in D:\\Downloads\\xampp\\htdocs\\aodaiduongthi\\admin\\lib\\database.php on line 25, referer: http://localhost:8080/aodaiduongthi/admin/productedit.php?sanpham_id=41
[Mon Apr 25 10:45:13.616498 2022] [php7:warn] [pid 13952:tid 1848] [client ::1:53947] PHP Warning:  mysqli_set_charset(): Couldn't fetch mysqli in D:\\Downloads\\xampp\\htdocs\\aodaiduongthi\\admin\\lib\\database.php on line 36, referer: http://localhost:8080/aodaiduongthi/admin/productedit.php?sanpham_id=41
[Mon Apr 25 10:45:13.616498 2022] [php7:warn] [pid 13952:tid 1848] [client ::1:53947] PHP Warning:  mysqli::query(): Couldn't fetch mysqli in D:\\Downloads\\xampp\\htdocs\\aodaiduongthi\\admin\\lib\\database.php on line 37, referer: http://localhost:8080/aodaiduongthi/admin/productedit.php?sanpham_id=41
[Mon Apr 25 10:45:13.617495 2022] [php7:warn] [pid 13952:tid 1848] [client ::1:53947] PHP Warning:  Database::select(): Couldn't fetch mysqli in D:\\Downloads\\xampp\\htdocs\\aodaiduongthi\\admin\\lib\\database.php on line 38, referer: http://localhost:8080/aodaiduongthi/admin/productedit.php?sanpham_id=41
[Mon Apr 25 10:45:16.591936 2022] [php7:warn] [pid 13952:tid 1848] [client ::1:53947] PHP Warning:  mysqli::__construct(): (HY000/1049): Unknown database 'aodaiduongthi' in D:\\Downloads\\xampp\\htdocs\\aodaiduongthi\\admin\\lib\\database.php on line 25, referer: http://localhost:8080/aodaiduongthi/admin/productedit.php?sanpham_id=41
[Mon Apr 25 10:45:16.592514 2022] [php7:warn] [pid 13952:tid 1848] [client ::1:53947] PHP Warning:  mysqli_set_charset(): Couldn't fetch mysqli in D:\\Downloads\\xampp\\htdocs\\aodaiduongthi\\admin\\lib\\database.php on line 36, referer: http://localhost:8080/aodaiduongthi/admin/productedit.php?sanpham_id=41
[Mon Apr 25 10:45:16.592514 2022] [php7:warn] [pid 13952:tid 1848] [client ::1:53947] PHP Warning:  mysqli::query(): Couldn't fetch mysqli in D:\\Downloads\\xampp\\htdocs\\aodaiduongthi\\admin\\lib\\database.php on line 37, referer: http://localhost:8080/aodaiduongthi/admin/productedit.php?sanpham_id=41
[Mon Apr 25 10:45:16.593509 2022] [php7:warn] [pid 13952:tid 1848] [client ::1:53947] PHP Warning:  Database::select(): Couldn't fetch mysqli in D:\\Downloads\\xampp\\htdocs\\aodaiduongthi\\admin\\lib\\database.php on line 38, referer: http://localhost:8080/aodaiduongthi/admin/productedit.php?sanpham_id=41
[Mon Apr 25 10:45:19.516219 2022] [php7:warn] [pid 13952:tid 1848] [client ::1:53947] PHP Warning:  mysqli::__construct(): (HY000/1049): Unknown database 'aodaiduongthi' in D:\\Downloads\\xampp\\htdocs\\aodaiduongthi\\admin\\lib\\database.php on line 25, referer: http://localhost:8080/aodaiduongthi/admin/productedit.php?sanpham_id=41
[Mon Apr 25 10:45:19.516219 2022] [php7:warn] [pid 13952:tid 1848] [client ::1:53947] PHP Warning:  mysqli_set_charset(): Couldn't fetch mysqli in D:\\Downloads\\xampp\\htdocs\\aodaiduongthi\\admin\\lib\\database.php on line 36, referer: http://localhost:8080/aodaiduongthi/admin/productedit.php?sanpham_id=41
[Mon Apr 25 10:45:19.516219 2022] [php7:warn] [pid 13952:tid 1848] [client ::1:53947] PHP Warning:  mysqli::query(): Couldn't fetch mysqli in D:\\Downloads\\xampp\\htdocs\\aodaiduongthi\\admin\\lib\\database.php on line 37, referer: http://localhost:8080/aodaiduongthi/admin/productedit.php?sanpham_id=41
[Mon Apr 25 10:45:19.516219 2022] [php7:warn] [pid 13952:tid 1848] [client ::1:53947] PHP Warning:  Database::select(): Couldn't fetch mysqli in D:\\Downloads\\xampp\\htdocs\\aodaiduongthi\\admin\\lib\\database.php on line 38, referer: http://localhost:8080/aodaiduongthi/admin/productedit.php?sanpham_id=41
[Mon Apr 25 10:45:22.940596 2022] [php7:warn] [pid 13952:tid 1848] [client ::1:53947] PHP Warning:  mysqli::__construct(): (HY000/1049): Unknown database 'aodaiduongthi' in D:\\Downloads\\xampp\\htdocs\\aodaiduongthi\\admin\\lib\\database.php on line 25, referer: http://localhost:8080/aodaiduongthi/admin/productedit.php?sanpham_id=41
[Mon Apr 25 10:45:22.940837 2022] [php7:warn] [pid 13952:tid 1848] [client ::1:53947] PHP Warning:  mysqli_set_charset(): Couldn't fetch mysqli in D:\\Downloads\\xampp\\htdocs\\aodaiduongthi\\admin\\lib\\database.php on line 36, referer: http://localhost:8080/aodaiduongthi/admin/productedit.php?sanpham_id=41
[Mon Apr 25 10:45:22.940837 2022] [php7:warn] [pid 13952:tid 1848] [client ::1:53947] PHP Warning:  mysqli::query(): Couldn't fetch mysqli in D:\\Downloads\\xampp\\htdocs\\aodaiduongthi\\admin\\lib\\database.php on line 37, referer: http://localhost:8080/aodaiduongthi/admin/productedit.php?sanpham_id=41
[Mon Apr 25 10:45:22.940837 2022] [php7:warn] [pid 13952:tid 1848] [client ::1:53947] PHP Warning:  Database::select(): Couldn't fetch mysqli in D:\\Downloads\\xampp\\htdocs\\aodaiduongthi\\admin\\lib\\database.php on line 38, referer: http://localhost:8080/aodaiduongthi/admin/productedit.php?sanpham_id=41
[Mon Apr 25 10:45:25.356039 2022] [php7:warn] [pid 13952:tid 1848] [client ::1:53947] PHP Warning:  mysqli::__construct(): (HY000/1049): Unknown database 'aodaiduongthi' in D:\\Downloads\\xampp\\htdocs\\aodaiduongthi\\admin\\lib\\database.php on line 25, referer: http://localhost:8080/aodaiduongthi/admin/productedit.php?sanpham_id=41
[Mon Apr 25 10:45:25.356039 2022] [php7:warn] [pid 13952:tid 1848] [client ::1:53947] PHP Warning:  mysqli_set_charset(): Couldn't fetch mysqli in D:\\Downloads\\xampp\\htdocs\\aodaiduongthi\\admin\\lib\\database.php on line 36, referer: http://localhost:8080/aodaiduongthi/admin/productedit.php?sanpham_id=41
[Mon Apr 25 10:45:25.356039 2022] [php7:warn] [pid 13952:tid 1848] [client ::1:53947] PHP Warning:  mysqli::query(): Couldn't fetch mysqli in D:\\Downloads\\xampp\\htdocs\\aodaiduongthi\\admin\\lib\\database.php on line 37, referer: http://localhost:8080/aodaiduongthi/admin/productedit.php?sanpham_id=41
[Mon Apr 25 10:45:25.356039 2022] [php7:warn] [pid 13952:tid 1848] [client ::1:53947] PHP Warning:  Database::select(): Couldn't fetch mysqli in D:\\Downloads\\xampp\\htdocs\\aodaiduongthi\\admin\\lib\\database.php on line 38, referer: http://localhost:8080/aodaiduongthi/admin/productedit.php?sanpham_id=41
[Mon Apr 25 10:45:28.299442 2022] [php7:warn] [pid 13952:tid 1848] [client ::1:53947] PHP Warning:  mysqli::__construct(): (HY000/1049): Unknown database 'aodaiduongthi' in D:\\Downloads\\xampp\\htdocs\\aodaiduongthi\\admin\\lib\\database.php on line 25, referer: http://localhost:8080/aodaiduongthi/admin/productedit.php?sanpham_id=41
[Mon Apr 25 10:45:28.300439 2022] [php7:warn] [pid 13952:tid 1848] [client ::1:53947] PHP Warning:  mysqli_set_charset(): Couldn't fetch mysqli in D:\\Downloads\\xampp\\htdocs\\aodaiduongthi\\admin\\lib\\database.php on line 36, referer: http://localhost:8080/aodaiduongthi/admin/productedit.php?sanpham_id=41
[Mon Apr 25 10:45:28.300439 2022] [php7:warn] [pid 13952:tid 1848] [client ::1:53947] PHP Warning:  mysqli::query(): Couldn't fetch mysqli in D:\\Downloads\\xampp\\htdocs\\aodaiduongthi\\admin\\lib\\database.php on line 37, referer: http://localhost:8080/aodaiduongthi/admin/productedit.php?sanpham_id=41
[Mon Apr 25 10:45:28.300439 2022] [php7:warn] [pid 13952:tid 1848] [client ::1:53947] PHP Warning:  Database::select(): Couldn't fetch mysqli in D:\\Downloads\\xampp\\htdocs\\aodaiduongthi\\admin\\lib\\database.php on line 38, referer: http://localhost:8080/aodaiduongthi/admin/productedit.php?sanpham_id=41
[Mon Apr 25 10:45:34.029994 2022] [php7:warn] [pid 13952:tid 1848] [client ::1:53957] PHP Warning:  mysqli::__construct(): (HY000/1049): Unknown database 'aodaiduongthi' in D:\\Downloads\\xampp\\htdocs\\aodaiduongthi\\admin\\lib\\database.php on line 25, referer: http://localhost:8080/aodaiduongthi/admin/productedit.php?sanpham_id=41
[Mon Apr 25 10:45:34.029994 2022] [php7:warn] [pid 13952:tid 1848] [client ::1:53957] PHP Warning:  mysqli_set_charset(): Couldn't fetch mysqli in D:\\Downloads\\xampp\\htdocs\\aodaiduongthi\\admin\\lib\\database.php on line 36, referer: http://localhost:8080/aodaiduongthi/admin/productedit.php?sanpham_id=41
[Mon Apr 25 10:45:34.029994 2022] [php7:warn] [pid 13952:tid 1848] [client ::1:53957] PHP Warning:  mysqli::query(): Couldn't fetch mysqli in D:\\Downloads\\xampp\\htdocs\\aodaiduongthi\\admin\\lib\\database.php on line 37, referer: http://localhost:8080/aodaiduongthi/admin/productedit.php?sanpham_id=41
[Mon Apr 25 10:45:34.030990 2022] [php7:warn] [pid 13952:tid 1848] [client ::1:53957] PHP Warning:  Database::select(): Couldn't fetch mysqli in D:\\Downloads\\xampp\\htdocs\\aodaiduongthi\\admin\\lib\\database.php on line 38, referer: http://localhost:8080/aodaiduongthi/admin/productedit.php?sanpham_id=41
[Mon Apr 25 10:45:35.503809 2022] [php7:warn] [pid 13952:tid 1848] [client ::1:53957] PHP Warning:  mysqli::__construct(): (HY000/1049): Unknown database 'aodaiduongthi' in D:\\Downloads\\xampp\\htdocs\\aodaiduongthi\\admin\\lib\\database.php on line 25, referer: http://localhost:8080/aodaiduongthi/admin/productedit.php?sanpham_id=41
[Mon Apr 25 10:45:35.503974 2022] [php7:warn] [pid 13952:tid 1848] [client ::1:53957] PHP Warning:  mysqli_set_charset(): Couldn't fetch mysqli in D:\\Downloads\\xampp\\htdocs\\aodaiduongthi\\admin\\lib\\database.php on line 36, referer: http://localhost:8080/aodaiduongthi/admin/productedit.php?sanpham_id=41
[Mon Apr 25 10:45:35.504815 2022] [php7:warn] [pid 13952:tid 1848] [client ::1:53957] PHP Warning:  mysqli::query(): Couldn't fetch mysqli in D:\\Downloads\\xampp\\htdocs\\aodaiduongthi\\admin\\lib\\database.php on line 37, referer: http://localhost:8080/aodaiduongthi/admin/productedit.php?sanpham_id=41
[Mon Apr 25 10:45:35.504815 2022] [php7:warn] [pid 13952:tid 1848] [client ::1:53957] PHP Warning:  Database::select(): Couldn't fetch mysqli in D:\\Downloads\\xampp\\htdocs\\aodaiduongthi\\admin\\lib\\database.php on line 38, referer: http://localhost:8080/aodaiduongthi/admin/productedit.php?sanpham_id=41
[Mon Apr 25 11:20:08.445018 2022] [php7:error] [pid 13952:tid 1820] [client ::1:54286] script 'D:/Downloads/xampp/htdocs/aodaiduongthi/category.php' not found or unable to stat, referer: http://localhost:8080/aodaiduongthi/cart.php?id=live
[Mon Apr 25 11:27:28.534387 2022] [php7:notice] [pid 13952:tid 1820] [client ::1:54356] PHP Notice:  Undefined index: loaikhach in D:\\Downloads\\xampp\\htdocs\\aodaiduongthi\\delivery.php on line 8, referer: http://localhost:8080/aodaiduongthi/delivery.php
[Mon Apr 25 12:27:21.188278 2022] [php7:error] [pid 13952:tid 1848] [client ::1:54610] script 'D:/Downloads/xampp/htdocs/aodaiduongthi/login.php' not found or unable to stat, referer: http://localhost:8080/aodaiduongthi/index.php
[Mon Apr 25 12:27:42.288328 2022] [php7:error] [pid 13952:tid 1856] [client ::1:54618] script 'D:/Downloads/xampp/htdocs/aodaiduongthi/login.php' not found or unable to stat, referer: http://localhost:8080/aodaiduongthi/index.php
[Mon Apr 25 15:38:09.831520 2022] [php7:warn] [pid 13952:tid 1836] [client ::1:57173] PHP Warning:  session_destroy(): Trying to destroy uninitialized session in D:\\Downloads\\xampp\\htdocs\\aodaiduongthi\\admin\\lib\\session.php on line 50, referer: http://localhost:8080/aodaiduongthi/admin/productlist.php
[Tue Apr 26 11:07:19.201456 2022] [ssl:warn] [pid 4992:tid 416] AH01909: www.example.com:443:0 server certificate does NOT include an ID which matches the server name
[Tue Apr 26 11:07:19.555701 2022] [core:warn] [pid 4992:tid 416] AH00098: pid file D:/Downloads/xampp/apache/logs/httpd.pid overwritten -- Unclean shutdown of previous Apache run?
[Tue Apr 26 11:07:19.563702 2022] [ssl:warn] [pid 4992:tid 416] AH01909: www.example.com:443:0 server certificate does NOT include an ID which matches the server name
[Tue Apr 26 11:07:20.971702 2022] [mpm_winnt:notice] [pid 4992:tid 416] AH00455: Apache/2.4.53 (Win64) OpenSSL/1.1.1n PHP/7.4.29 configured -- resuming normal operations
[Tue Apr 26 11:07:20.995738 2022] [mpm_winnt:notice] [pid 4992:tid 416] AH00456: Apache Lounge VC15 Server built: Mar 16 2022 15:48:38
[Tue Apr 26 11:07:20.995738 2022] [core:notice] [pid 4992:tid 416] AH00094: Command line: 'd:\\downloads\\xampp\\apache\\bin\\httpd.exe -d D:/Downloads/xampp/apache'
[Tue Apr 26 11:07:20.995738 2022] [mpm_winnt:notice] [pid 4992:tid 416] AH00418: Parent: Created child process 8480
[Tue Apr 26 11:07:21.971702 2022] [ssl:warn] [pid 8480:tid 404] AH01909: www.example.com:443:0 server certificate does NOT include an ID which matches the server name
[Tue Apr 26 11:07:22.123703 2022] [ssl:warn] [pid 8480:tid 404] AH01909: www.example.com:443:0 server certificate does NOT include an ID which matches the server name
[Tue Apr 26 11:07:22.179703 2022] [mpm_winnt:notice] [pid 8480:tid 404] AH00354: Child: Starting 150 worker threads.
[Tue Apr 26 11:13:35.164929 2022] [php7:notice] [pid 8480:tid 1844] [client ::1:61865] PHP Notice:  Undefined index: loaikhach in D:\\Downloads\\xampp\\htdocs\\aodaiduongthi\\delivery.php on line 8, referer: http://localhost:8080/aodaiduongthi/delivery.php
[Tue Apr 26 13:21:04.570405 2022] [ssl:warn] [pid 6316:tid 428] AH01909: www.example.com:443:0 server certificate does NOT include an ID which matches the server name
[Tue Apr 26 13:21:04.757867 2022] [core:warn] [pid 6316:tid 428] AH00098: pid file D:/Downloads/xampp/apache/logs/httpd.pid overwritten -- Unclean shutdown of previous Apache run?
[Tue Apr 26 13:21:04.757867 2022] [ssl:warn] [pid 6316:tid 428] AH01909: www.example.com:443:0 server certificate does NOT include an ID which matches the server name
[Tue Apr 26 13:21:05.257746 2022] [mpm_winnt:notice] [pid 6316:tid 428] AH00455: Apache/2.4.53 (Win64) OpenSSL/1.1.1n PHP/7.4.29 configured -- resuming normal operations
[Tue Apr 26 13:21:05.257746 2022] [mpm_winnt:notice] [pid 6316:tid 428] AH00456: Apache Lounge VC15 Server built: Mar 16 2022 15:48:38
[Tue Apr 26 13:21:05.257746 2022] [core:notice] [pid 6316:tid 428] AH00094: Command line: 'd:\\downloads\\xampp\\apache\\bin\\httpd.exe -d D:/Downloads/xampp/apache'
[Tue Apr 26 13:21:05.257746 2022] [mpm_winnt:notice] [pid 6316:tid 428] AH00418: Parent: Created child process 7452
[Tue Apr 26 13:21:05.851368 2022] [ssl:warn] [pid 7452:tid 408] AH01909: www.example.com:443:0 server certificate does NOT include an ID which matches the server name
[Tue Apr 26 13:21:05.960863 2022] [ssl:warn] [pid 7452:tid 408] AH01909: www.example.com:443:0 server certificate does NOT include an ID which matches the server name
[Tue Apr 26 13:21:06.007615 2022] [mpm_winnt:notice] [pid 7452:tid 408] AH00354: Child: Starting 150 worker threads.
[Tue Apr 26 15:02:09.091497 2022] [php7:notice] [pid 7452:tid 1828] [client ::1:53740] PHP Notice:  Undefined index: loaikhach in D:\\Downloads\\xampp\\htdocs\\aodaiduongthi\\delivery.php on line 8, referer: http://localhost:8080/aodaiduongthi/delivery.php
[Tue Apr 26 15:09:51.383315 2022] [php7:notice] [pid 7452:tid 1848] [client ::1:53844] PHP Notice:  Undefined index: loaikhach in D:\\Downloads\\xampp\\htdocs\\aodaiduongthi\\delivery.php on line 8, referer: http://localhost:8080/aodaiduongthi/delivery.php
[Tue Apr 26 15:10:40.343250 2022] [php7:notice] [pid 7452:tid 1812] [client ::1:53868] PHP Notice:  Undefined index: loaikhach in D:\\Downloads\\xampp\\htdocs\\aodaiduongthi\\delivery.php on line 8, referer: http://localhost:8080/aodaiduongthi/delivery.php
[Tue Apr 26 15:12:01.982878 2022] [php7:notice] [pid 7452:tid 1848] [client ::1:53892] PHP Notice:  Undefined index: loaikhach in D:\\Downloads\\xampp\\htdocs\\aodaiduongthi\\delivery.php on line 8, referer: http://localhost:8080/aodaiduongthi/delivery.php
[Tue Apr 26 15:12:40.808350 2022] [php7:notice] [pid 7452:tid 1812] [client ::1:53919] PHP Notice:  Undefined index: loaikhach in D:\\Downloads\\xampp\\htdocs\\aodaiduongthi\\delivery.php on line 8, referer: http://localhost:8080/aodaiduongthi/delivery.php
[Tue Apr 26 15:13:57.870280 2022] [php7:notice] [pid 7452:tid 1812] [client ::1:53948] PHP Notice:  Undefined index: loaikhach in D:\\Downloads\\xampp\\htdocs\\aodaiduongthi\\delivery.php on line 8, referer: http://localhost:8080/aodaiduongthi/delivery.php
[Tue Apr 26 15:15:11.064233 2022] [php7:notice] [pid 7452:tid 1812] [client ::1:53980] PHP Notice:  Undefined index: loaikhach in D:\\Downloads\\xampp\\htdocs\\aodaiduongthi\\delivery.php on line 8, referer: http://localhost:8080/aodaiduongthi/delivery.php
[Tue Apr 26 15:16:24.041658 2022] [php7:notice] [pid 7452:tid 1848] [client ::1:54004] PHP Notice:  Undefined index: loaikhach in D:\\Downloads\\xampp\\htdocs\\aodaiduongthi\\delivery.php on line 8, referer: http://localhost:8080/aodaiduongthi/delivery.php
[Tue Apr 26 15:20:58.124433 2022] [php7:notice] [pid 7452:tid 1848] [client ::1:54064] PHP Notice:  Undefined index: loaikhach in D:\\Downloads\\xampp\\htdocs\\aodaiduongthi\\delivery.php on line 8, referer: http://localhost:8080/aodaiduongthi/delivery.php
[Tue Apr 26 15:21:24.727633 2022] [php7:notice] [pid 7452:tid 1812] [client ::1:54084] PHP Notice:  Undefined index: loaikhach in D:\\Downloads\\xampp\\htdocs\\aodaiduongthi\\delivery.php on line 8, referer: http://localhost:8080/aodaiduongthi/delivery.php
[Tue Apr 26 15:22:30.382300 2022] [php7:notice] [pid 7452:tid 1848] [client ::1:54106] PHP Notice:  Undefined index: loaikhach in D:\\Downloads\\xampp\\htdocs\\aodaiduongthi\\delivery.php on line 8, referer: http://localhost:8080/aodaiduongthi/delivery.php
[Tue Apr 26 15:23:36.729984 2022] [php7:notice] [pid 7452:tid 1812] [client ::1:54127] PHP Notice:  Undefined index: loaikhach in D:\\Downloads\\xampp\\htdocs\\aodaiduongthi\\delivery.php on line 8, referer: http://localhost:8080/aodaiduongthi/delivery.php
[Tue Apr 26 15:24:32.703063 2022] [php7:notice] [pid 7452:tid 1812] [client ::1:54167] PHP Notice:  Undefined index: loaikhach in D:\\Downloads\\xampp\\htdocs\\aodaiduongthi\\delivery.php on line 8, referer: http://localhost:8080/aodaiduongthi/delivery.php
[Tue Apr 26 15:25:18.687787 2022] [php7:notice] [pid 7452:tid 1848] [client ::1:54178] PHP Notice:  Undefined index: loaikhach in D:\\Downloads\\xampp\\htdocs\\aodaiduongthi\\delivery.php on line 8, referer: http://localhost:8080/aodaiduongthi/delivery.php
